<?xml version="1.0" encoding="UTF-8"?>
<testng-results ignored="0" total="1" passed="1" failed="0" skipped="0">
  <reporter-output>
  </reporter-output>
  <suite started-at="2026-02-15T10:45:23 EST" name="UI Suite" finished-at="2026-02-15T10:45:28 EST" duration-ms="4952">
    <groups>
    </groups>
    <test started-at="2026-02-15T10:45:23 EST" name="Google Test" finished-at="2026-02-15T10:45:28 EST" duration-ms="4952">
      <class name="com.company.tests.testcases.GoogleSearchTest">
        <test-method is-config="true" signature="setUp()[pri:0, instance:com.company.tests.testcases.GoogleSearchTest@49e53c76]" started-at="2026-02-15T10:45:23 EST" name="setUp" finished-at="2026-02-15T10:45:26 EST" duration-ms="2876" status="PASS">
          <reporter-output>
          </reporter-output>
        </test-method> <!-- setUp -->
        <test-method signature="verifyGoogleSearch()[pri:0, instance:com.company.tests.testcases.GoogleSearchTest@49e53c76]" started-at="2026-02-15T10:45:26 EST" name="verifyGoogleSearch" finished-at="2026-02-15T10:45:28 EST" duration-ms="1903" status="PASS">
          <reporter-output>
          </reporter-output>
        </test-method> <!-- verifyGoogleSearch -->
        <test-method is-config="true" signature="tearDown()[pri:0, instance:com.company.tests.testcases.GoogleSearchTest@49e53c76]" started-at="2026-02-15T10:45:28 EST" name="tearDown" finished-at="2026-02-15T10:45:28 EST" duration-ms="138" status="PASS">
          <reporter-output>
          </reporter-output>
        </test-method> <!-- tearDown -->
      </class> <!-- com.company.tests.testcases.GoogleSearchTest -->
    </test> <!-- Google Test -->
  </suite> <!-- UI Suite -->
</testng-results>
